<?xml version="1.0" encoding="UTF-8"?>
<!-- Generated by org.testng.reporters.JUnitReportReporter -->
<testsuite hostname="SF-LAP-655" failures="0" tests="3" name="com.irctc.qa.testcases.TrainSearchTest" time="56.398" errors="0" timestamp="2023-10-23T12:26:50 IST" skipped="0">
  <testcase classname="com.irctc.qa.testcases.TrainSearchTest" name="searchTrain" time="11.371"/>
  <testcase classname="com.irctc.qa.testcases.TrainSearchTest" name="fetchTrains" time="0.329"/>
  <testcase classname="com.irctc.qa.testcases.TrainSearchTest" name="getTrainData" time="44.698"/>
</testsuite> <!-- com.irctc.qa.testcases.TrainSearchTest -->
